<?xml version="1.0" encoding="UTF-8"?>
<!-- Generated by org.testng.reporters.JUnitXMLReporter -->
<testsuite ignored="2" hostname="USGURMOFANA678" failures="0" tests="0" time="0.011" errors="0" timestamp="05 Jan 2023 04:17:24 GMT">
  <testcase classname="FrameworkDesign.Tests.submitOrderTest" name="orderHistoryTest" time="0.0">
    <ignored/>
  </testcase> <!-- orderHistoryTest -->
  <testcase classname="FrameworkDesign.Tests.submitOrderTest" name="submitOrder" time="0.0">
    <ignored/>
  </testcase> <!-- submitOrder -->
</testsuite>
